<?xml version="1.0" encoding="UTF-8"?>
<!-- Generated by org.testng.reporters.JUnitReportReporter -->
<testsuite hostname="DESKTOP-J5TRUJL" failures="0" tests="1" name="testNG.Testsuite4" time="0.000" errors="0" timestamp="2024-04-18T12:32:36 IST" skipped="1">
  <testcase classname="testNG.Testsuite4" name="mid" time="0.000">
    <skipped/>
  </testcase> <!-- mid -->
  <system-out/>
</testsuite> <!-- testNG.Testsuite4 -->
